<?xml version="1.0" encoding="UTF-8"?>
<testsuites name="jest tests" tests="5" failures="5" errors="0" time="6.264">
  <testsuite name="Order Controller" errors="0" failures="5" skipped="0" timestamp="2024-06-24T08:29:07" time="5.967" tests="5">
    <testcase classname="Order Controller createOrder devrait créer une nouvelle commande" name="Order Controller createOrder devrait créer une nouvelle commande" time="0.655">
      <failure>Error: expect(received).toBe(expected) // Object.is equality

Expected: 201
Received: 500
    at Object.toBe (C:\Users\ambet\OneDrive\Documents\EPSI\Semestre II\MSPR\ptk_orders\tests\api.test.js:58:37)
    at processTicksAndRejections (node:internal/process/task_queues:95:5)</failure>
    </testcase>
    <testcase classname="Order Controller getOrderById devrait récupérer une commande par ID" name="Order Controller getOrderById devrait récupérer une commande par ID" time="0.137">
      <failure>Error: expect(received).toBe(expected) // Object.is equality

Expected: 200
Received: 500
    at Object.toBe (C:\Users\ambet\OneDrive\Documents\EPSI\Semestre II\MSPR\ptk_orders\tests\api.test.js:74:37)
    at processTicksAndRejections (node:internal/process/task_queues:95:5)</failure>
    </testcase>
    <testcase classname="Order Controller getAllOrders devrait récupérer toutes les commandes" name="Order Controller getAllOrders devrait récupérer toutes les commandes" time="0.109">
      <failure>Error: expect(received).toBeGreaterThan(expected)

Expected: &gt; 0
Received:   0
    at Object.toBeGreaterThan (C:\Users\ambet\OneDrive\Documents\EPSI\Semestre II\MSPR\ptk_orders\tests\api.test.js:87:42)
    at processTicksAndRejections (node:internal/process/task_queues:95:5)</failure>
    </testcase>
    <testcase classname="Order Controller updateOrder devrait mettre à jour une commande" name="Order Controller updateOrder devrait mettre à jour une commande" time="0.069">
      <failure>Error: expect(received).toBe(expected) // Object.is equality

Expected: 200
Received: 500
    at Object.toBe (C:\Users\ambet\OneDrive\Documents\EPSI\Semestre II\MSPR\ptk_orders\tests\api.test.js:103:37)
    at processTicksAndRejections (node:internal/process/task_queues:95:5)</failure>
    </testcase>
    <testcase classname="Order Controller deleteOrder devrait supprimer une commande" name="Order Controller deleteOrder devrait supprimer une commande" time="0.079">
      <failure>Error: expect(received).toBe(expected) // Object.is equality

Expected: 200
Received: 500
    at Object.toBe (C:\Users\ambet\OneDrive\Documents\EPSI\Semestre II\MSPR\ptk_orders\tests\api.test.js:115:37)
    at processTicksAndRejections (node:internal/process/task_queues:95:5)</failure>
    </testcase>
    <testcase classname=" Test execution failure: could be caused by test hooks like &apos;afterAll&apos;." name=" Test execution failure: could be caused by test hooks like &apos;afterAll&apos;." time="0">
      <failure>{&quot;message&quot;:&quot;&quot;,&quot;stack&quot;:&quot;AggregateError: \n    at internalConnectMultiple (node:net:1114:18)\n    at afterConnectMultiple (node:net:1667:5)&quot;}</failure>
    </testcase>
  </testsuite>
</testsuites>