<?xml version="1.0" encoding="UTF-8"?>
<testsuites name="jest tests" tests="2" failures="0" errors="0" time="3.078">
  <testsuite name="API Tests" errors="0" failures="0" skipped="0" timestamp="2024-05-22T19:29:40" time="2.946" tests="2">
    <testcase classname="API Tests GET /customers - should return all customers" name="API Tests GET /customers - should return all customers" time="0.67">
    </testcase>
    <testcase classname="API Tests POST /customers - should create a new customers" name="API Tests POST /customers - should create a new customers" time="0.033">
    </testcase>
  </testsuite>
</testsuites>